<?xml version="1.0" encoding="UTF-8"?>
<!-- Generated by org.testng.reporters.JUnitReportReporter -->
<testsuite hostname="LAPTOP-5FNDLE98" failures="0" tests="12" name="com.selenium.testbuild.testCases" time="59.789" errors="0" timestamp="2021-10-04T12:15:27 IST" skipped="0">
  <testcase classname="com.selenium.testbuild.testCases" name="aaavalidateHomePage" time="0.018"/>
  <system-out/>
  <testcase classname="com.selenium.testbuild.testCases" name="popup" time="10.597"/>
  <system-out/>
  <testcase classname="com.selenium.testbuild.testCases" name="bbbvalidateBookshelvesPage" time="2.699"/>
  <system-out/>
  <testcase classname="com.selenium.testbuild.testCases" name="bookshelves" time="0.617"/>
  <system-out/>
  <testcase classname="com.selenium.testbuild.testCases" name="storage" time="2.314"/>
  <system-out/>
  <testcase classname="com.selenium.testbuild.testCases" name="slider" time="7.676"/>
  <system-out/>
  <testcase classname="com.selenium.testbuild.testCases" name="checkbox" time="2.642"/>
  <system-out/>
  <testcase classname="com.selenium.testbuild.testCases" name="printItems" time="1.347"/>
  <system-out/>
  <testcase classname="com.selenium.testbuild.testCases" name="collections" time="1.234"/>
  <system-out/>
  <testcase classname="com.selenium.testbuild.testCases" name="printSubmenu" time="0.343"/>
  <system-out/>
  <testcase classname="com.selenium.testbuild.testCases" name="validateGiftCardPage" time="1.663"/>
  <system-out/>
  <testcase classname="com.selenium.testbuild.testCases" name="giftCard" time="28.639"/>
  <system-out/>
</testsuite> <!-- com.selenium.testbuild.testCases -->
