<?xml version="1.0" encoding="UTF-8"?>
<!-- Generated by org.testng.reporters.JUnitReportReporter -->
<testsuite hostname="LAPTOP-5FNDLE98" failures="0" tests="12" name="com.selenium.testbuild.testCases" time="57.183" errors="0" timestamp="2021-10-05T09:18:14 IST" skipped="0">
  <testcase classname="com.selenium.testbuild.testCases" name="aaavalidateHomePage" time="0.034"/>
  <system-out/>
  <testcase classname="com.selenium.testbuild.testCases" name="popup" time="10.486"/>
  <system-out/>
  <testcase classname="com.selenium.testbuild.testCases" name="bbbvalidateBookshelvesPage" time="2.140"/>
  <system-out/>
  <testcase classname="com.selenium.testbuild.testCases" name="bookshelves" time="1.402"/>
  <system-out/>
  <testcase classname="com.selenium.testbuild.testCases" name="storage" time="0.734"/>
  <system-out/>
  <testcase classname="com.selenium.testbuild.testCases" name="slider" time="7.583"/>
  <system-out/>
  <testcase classname="com.selenium.testbuild.testCases" name="checkbox" time="2.614"/>
  <system-out/>
  <testcase classname="com.selenium.testbuild.testCases" name="printItems" time="1.163"/>
  <system-out/>
  <testcase classname="com.selenium.testbuild.testCases" name="collections" time="1.081"/>
  <system-out/>
  <testcase classname="com.selenium.testbuild.testCases" name="printSubmenu" time="0.313"/>
  <system-out/>
  <testcase classname="com.selenium.testbuild.testCases" name="validateGiftCardPage" time="1.572"/>
  <system-out/>
  <testcase classname="com.selenium.testbuild.testCases" name="giftCard" time="28.061"/>
  <system-out/>
</testsuite> <!-- com.selenium.testbuild.testCases -->
